<?xml version="1.0" encoding="UTF-8"?>
<testng-results skipped="0" failed="0" ignored="0" total="1" passed="1">
  <reporter-output>
  </reporter-output>
  <suite name="Default suite" duration-ms="29764" started-at="2019-08-17T03:30:16Z" finished-at="2019-08-17T03:30:46Z">
    <groups>
    </groups>
    <test name="Default test" duration-ms="29764" started-at="2019-08-17T03:30:16Z" finished-at="2019-08-17T03:30:46Z">
      <class name="com.bagal.selenuim.BrokenLinks">
        <test-method status="PASS" signature="beforeMethod()[pri:0, instance:com.bagal.selenuim.BrokenLinks@3532ec19]" name="beforeMethod" is-config="true" duration-ms="8" started-at="2019-08-17T03:30:16Z" finished-at="2019-08-17T03:30:16Z">
          <reporter-output>
          </reporter-output>
        </test-method> <!-- beforeMethod -->
        <test-method status="PASS" signature="brokenLinkTest()[pri:0, instance:com.bagal.selenuim.BrokenLinks@3532ec19]" name="brokenLinkTest" duration-ms="29710" started-at="2019-08-17T03:30:16Z" finished-at="2019-08-17T03:30:46Z">
          <reporter-output>
          </reporter-output>
        </test-method> <!-- brokenLinkTest -->
        <test-method status="PASS" signature="afterMethod()[pri:0, instance:com.bagal.selenuim.BrokenLinks@3532ec19]" name="afterMethod" is-config="true" duration-ms="0" started-at="2019-08-17T03:30:46Z" finished-at="2019-08-17T03:30:46Z">
          <reporter-output>
          </reporter-output>
        </test-method> <!-- afterMethod -->
      </class> <!-- com.bagal.selenuim.BrokenLinks -->
    </test> <!-- Default test -->
  </suite> <!-- Default suite -->
</testng-results>
