<?xml version="1.0" encoding="UTF-8"?>
<testng-results skipped="0" failed="0" ignored="0" total="1" passed="1">
  <reporter-output>
  </reporter-output>
  <suite name="Default suite" duration-ms="14236" started-at="2019-09-06T14:10:53Z" finished-at="2019-09-06T14:11:08Z">
    <groups>
    </groups>
    <test name="Default test" duration-ms="14236" started-at="2019-09-06T14:10:53Z" finished-at="2019-09-06T14:11:08Z">
      <class name="com.bagal.selenuim.BrokenLinks">
        <test-method status="PASS" signature="beforeMethod()[pri:0, instance:com.bagal.selenuim.BrokenLinks@4883b407]" name="beforeMethod" is-config="true" duration-ms="7" started-at="2019-09-06T14:10:53Z" finished-at="2019-09-06T14:10:53Z">
          <reporter-output>
          </reporter-output>
        </test-method> <!-- beforeMethod -->
        <test-method status="PASS" signature="brokenLinkTest()[pri:0, instance:com.bagal.selenuim.BrokenLinks@4883b407]" name="brokenLinkTest" duration-ms="14209" started-at="2019-09-06T14:10:53Z" finished-at="2019-09-06T14:11:08Z">
          <reporter-output>
          </reporter-output>
        </test-method> <!-- brokenLinkTest -->
        <test-method status="PASS" signature="afterMethod()[pri:0, instance:com.bagal.selenuim.BrokenLinks@4883b407]" name="afterMethod" is-config="true" duration-ms="0" started-at="2019-09-06T14:11:08Z" finished-at="2019-09-06T14:11:08Z">
          <reporter-output>
          </reporter-output>
        </test-method> <!-- afterMethod -->
      </class> <!-- com.bagal.selenuim.BrokenLinks -->
    </test> <!-- Default test -->
  </suite> <!-- Default suite -->
</testng-results>
