<?xml version="1.0" encoding="UTF-8"?>
<testng-results skipped="0" failed="0" ignored="0" total="1" passed="1">
  <reporter-output>
  </reporter-output>
  <suite name="Default suite" duration-ms="18604" started-at="2019-08-18T14:35:04Z" finished-at="2019-08-18T14:35:23Z">
    <groups>
    </groups>
    <test name="Default test" duration-ms="18604" started-at="2019-08-18T14:35:04Z" finished-at="2019-08-18T14:35:23Z">
      <class name="com.demo.testcases.LoginTestCRM">
        <test-method status="PASS" signature="loginApp()[pri:0, instance:com.demo.testcases.LoginTestCRM@1d057a39]" name="loginApp" duration-ms="18570" started-at="2019-08-18T14:35:04Z" finished-at="2019-08-18T14:35:23Z">
          <reporter-output>
          </reporter-output>
        </test-method> <!-- loginApp -->
      </class> <!-- com.demo.testcases.LoginTestCRM -->
    </test> <!-- Default test -->
  </suite> <!-- Default suite -->
</testng-results>
