<?xml version="1.0" encoding="UTF-8"?>
<!-- Generated by org.testng.reporters.JUnitXMLReporter -->
<testsuite hostname="DESKTOP-HKROND0" ignored="0" name="Test1" tests="5" failures="0" timestamp="03 Aug 2019 03:05:30 GMT" time="0.06" errors="0">
  <testcase name="acb1" time="0.008" classname="testng.Abc1"/>
  <testcase name="acb2" time="0.003" classname="testng.Abc1"/>
  <testcase name="acb3" time="0.002" classname="testng.Abc1"/>
  <testcase name="acb2" time="0.001" classname="testng.Abc2"/>
  <testcase name="acb3" time="0.001" classname="testng.Abc3"/>
</testsuite> <!-- Test1 -->
