<?xml version="1.0" encoding="UTF-8"?>
<!-- Generated by org.testng.reporters.JUnitXMLReporter -->
<testsuite hostname="bagal" ignored="0" name="Test1" tests="5" failures="0" timestamp="06 Sep 2019 13:13:31 GMT" time="0.056" errors="0">
  <testcase name="acb1" time="0.007" classname="testng.Abc1"/>
  <testcase name="acb2" time="0.002" classname="testng.Abc1"/>
  <testcase name="acb3" time="0.003" classname="testng.Abc1"/>
  <testcase name="acb2" time="0.001" classname="testng.Abc2"/>
  <testcase name="acb3" time="0.002" classname="testng.Abc3"/>
</testsuite> <!-- Test1 -->
