<?xml version="1.0" encoding="UTF-8"?>
<testng-results skipped="0" failed="0" ignored="0" total="2" passed="2">
  <reporter-output>
  </reporter-output>
  <suite name="Suite_docker" duration-ms="13119" started-at="2019-08-28T05:47:41Z" finished-at="2019-08-28T05:47:54Z">
    <groups>
    </groups>
    <test name="TestChrome" duration-ms="7358" started-at="2019-08-28T05:47:41Z" finished-at="2019-08-28T05:47:48Z">
      <class name="docker.demo.CHTestDemo">
        <test-method status="PASS" signature="demoTest2()[pri:0, instance:docker.demo.CHTestDemo@51efea79]" name="demoTest2" duration-ms="7329" started-at="2019-08-28T05:47:41Z" finished-at="2019-08-28T05:47:48Z">
          <reporter-output>
          </reporter-output>
        </test-method> <!-- demoTest2 -->
      </class> <!-- docker.demo.CHTestDemo -->
    </test> <!-- TestChrome -->
    <test name="TestFirefox" duration-ms="13119" started-at="2019-08-28T05:47:41Z" finished-at="2019-08-28T05:47:54Z">
      <class name="docker.demo.FFTestDemo">
        <test-method status="PASS" signature="demoTest1()[pri:0, instance:docker.demo.FFTestDemo@1d057a39]" name="demoTest1" duration-ms="13092" started-at="2019-08-28T05:47:41Z" finished-at="2019-08-28T05:47:54Z">
          <reporter-output>
          </reporter-output>
        </test-method> <!-- demoTest1 -->
      </class> <!-- docker.demo.FFTestDemo -->
    </test> <!-- TestFirefox -->
  </suite> <!-- Suite_docker -->
</testng-results>
